<?xml version="1.0" encoding="UTF-8"?>
<!-- Generated by org.testng.reporters.JUnitXMLReporter -->
<testsuite ignored="0" hostname="DESKTOP-D4H4H30" failures="0" tests="6" name="Test" time="0.046" errors="0" timestamp="2021-05-26T09:25:15 EDT">
  <testcase classname="VJMavenProject.MavenJava.SeleniumTest" name="Test5" time="0.005"/>
  <testcase classname="VJMavenProject.MavenJava.SeleniumTest" name="Test6" time="0.001"/>
  <testcase classname="VJMavenProject.MavenJava.AppiumTest" name="Test1" time="0.0"/>
  <testcase classname="VJMavenProject.MavenJava.AppiumTest" name="Test2" time="0.001"/>
  <testcase classname="VJMavenProject.MavenJava.RestAPITest" name="Test3" time="0.0"/>
  <testcase classname="VJMavenProject.MavenJava.RestAPITest" name="Test4" time="0.001"/>
</testsuite> <!-- Test -->
